<?xml version="1.0" encoding="UTF-8"?>
<testsuite name="com.selenium.bookswagon.test.LoginByUsingDataProvider" tests="2" skipped="0" failures="0" errors="0" timestamp="2021-08-09T07:27:16" hostname="arjun-HP-Laptop-15-bs0xx" time="55.657">
  <properties/>
  <testcase name="login_to_application_using_dataProvider_data[0](diliprathodtest@gmail.com, Login@123)" classname="com.selenium.bookswagon.test.LoginByUsingDataProvider" time="26.986"/>
  <testcase name="login_to_application_using_dataProvider_data[1](diliprathodtest@gmail.com, Login@123)" classname="com.selenium.bookswagon.test.LoginByUsingDataProvider" time="27.764"/>
  <system-out><![CDATA[number of rows: 3
number of column: 3
[INFO ] 2021-08-09 12:57:18.298 [Test worker] LogClass - clicking on login
[INFO ] 2021-08-09 12:57:21.943 [Test worker] LogClass - Enter email id
[INFO ] 2021-08-09 12:57:24.079 [Test worker] LogClass - Enter password
[INFO ] 2021-08-09 12:57:26.206 [Test worker] LogClass - click on login button
[INFO ] 2021-08-09 12:57:35.014 [Test worker] LogClass - you're login successfully
[INFO ] 2021-08-09 12:57:38.040 [Test worker] LogClass - Mouse hovering on my account menu
[INFO ] 2021-08-09 12:57:38.349 [Test worker] LogClass - mouse hovering on logout sub menu
[INFO ] 2021-08-09 12:57:38.651 [Test worker] LogClass - Clicking on sub menu logout
[INFO ] 2021-08-09 12:57:42.793 [Test worker] LogClass - you're logout successfully
SUCCESS Test
[INFO ] 2021-08-09 12:57:43.774 [Test worker] LogClass - login_to_application_using_dataProvider_data :take success screenshot in interface listener method
[INFO ] 2021-08-09 12:57:46.132 [Test worker] LogClass - clicking on login
[INFO ] 2021-08-09 12:57:49.635 [Test worker] LogClass - Enter email id
[INFO ] 2021-08-09 12:57:51.746 [Test worker] LogClass - Enter password
[INFO ] 2021-08-09 12:57:53.861 [Test worker] LogClass - click on login button
[INFO ] 2021-08-09 12:58:01.370 [Test worker] LogClass - you're login successfully
[INFO ] 2021-08-09 12:58:04.388 [Test worker] LogClass - Mouse hovering on my account menu
[INFO ] 2021-08-09 12:58:04.690 [Test worker] LogClass - mouse hovering on logout sub menu
[INFO ] 2021-08-09 12:58:04.994 [Test worker] LogClass - Clicking on sub menu logout
[INFO ] 2021-08-09 12:58:11.474 [Test worker] LogClass - you're logout successfully
SUCCESS Test
[INFO ] 2021-08-09 12:58:12.164 [Test worker] LogClass - login_to_application_using_dataProvider_data :take success screenshot in interface listener method
]]></system-out>
  <system-err><![CDATA[]]></system-err>
</testsuite>
