<?xml version="1.0" encoding="UTF-8"?>
<testsuite name="com.selenium.bookswagon.test.AddToCart" tests="1" skipped="0" failures="0" errors="0" timestamp="2021-08-09T05:19:50" hostname="arjun-HP-Laptop-15-bs0xx" time="43.894">
  <properties/>
  <testcase name="add_to_wishlist_test" classname="com.selenium.bookswagon.test.AddToCart" time="43.894"/>
  <system-out><![CDATA[[INFO ] 2021-08-09 10:49:52.711 [Test worker] LogClass - clicking on login
[INFO ] 2021-08-09 10:49:57.061 [Test worker] LogClass - Enter email id
[INFO ] 2021-08-09 10:49:59.162 [Test worker] LogClass - Enter password
[INFO ] 2021-08-09 10:50:01.276 [Test worker] LogClass - click on login button
[INFO ] 2021-08-09 10:50:06.815 [Test worker] LogClass - you're login successfully
[INFO ] 2021-08-09 10:50:06.843 [Test worker] LogClass - click on home icon
[INFO ] 2021-08-09 10:50:09.532 [Test worker] LogClass - click on category
[INFO ] 2021-08-09 10:50:12.237 [Test worker] LogClass - click on books
[INFO ] 2021-08-09 10:50:21.794 [Test worker] LogClass - click on add to wishlist
[INFO ] 2021-08-09 10:50:28.303 [Test worker] LogClass - click on card
[INFO ] 2021-08-09 10:50:31.422 [Test worker] LogClass - click on checkbox button
Book is added to cart is successfully!!
SUCCESS Test
[INFO ] 2021-08-09 10:50:35.629 [Test worker] LogClass - add_to_wishlist_test :take success screenshot in interface listener method
]]></system-out>
  <system-err><![CDATA[]]></system-err>
</testsuite>
